0 info it worked if it ends with ok
1 verbose cli [ '/usr/local/bin/node', '/usr/local/bin/npm', 'shrinkwrap', '.' ]
2 info using npm@4.0.3
3 info using node@v9.4.0
4 warn shrinkwrap doesn't take positional args
5 info lifecycle mm-thx-counter@0.0.0~preshrinkwrap: mm-thx-counter@0.0.0
6 silly lifecycle mm-thx-counter@0.0.0~preshrinkwrap: no script for preshrinkwrap, continuing
7 info lifecycle mm-thx-counter@0.0.0~shrinkwrap: mm-thx-counter@0.0.0
8 silly lifecycle mm-thx-counter@0.0.0~shrinkwrap: no script for shrinkwrap, continuing
9 verbose stack Error: Problems were encountered
9 verbose stack Please correct and try again.
9 verbose stack missing: cookie-parser@~1.4.3, required by mm-thx-counter@0.0.0
9 verbose stack invalid: have express@4.16.1 (expected: ~4.15.5) /home/app/src/node_modules/express
9 verbose stack missing: jade@~1.11.0, required by mm-thx-counter@0.0.0
9 verbose stack missing: morgan@~1.9.0, required by mm-thx-counter@0.0.0
9 verbose stack missing: serve-favicon@^2.4.5, required by mm-thx-counter@0.0.0
9 verbose stack extraneous: accepts@1.3.4 /home/app/src/node_modules/accepts
9 verbose stack extraneous: array-flatten@1.1.1 /home/app/src/node_modules/array-flatten
9 verbose stack extraneous: content-disposition@0.5.2 /home/app/src/node_modules/content-disposition
9 verbose stack extraneous: cookie@0.3.1 /home/app/src/node_modules/cookie
9 verbose stack extraneous: cookie-signature@1.0.6 /home/app/src/node_modules/cookie-signature
9 verbose stack extraneous: destroy@1.0.4 /home/app/src/node_modules/destroy
9 verbose stack extraneous: encodeurl@1.0.2 /home/app/src/node_modules/encodeurl
9 verbose stack extraneous: escape-html@1.0.3 /home/app/src/node_modules/escape-html
9 verbose stack extraneous: etag@1.8.1 /home/app/src/node_modules/etag
9 verbose stack extraneous: express@4.16.1 /home/app/src/node_modules/express
9 verbose stack extraneous: finalhandler@1.1.0 /home/app/src/node_modules/finalhandler
9 verbose stack extraneous: forwarded@0.1.2 /home/app/src/node_modules/forwarded
9 verbose stack extraneous: fresh@0.5.2 /home/app/src/node_modules/fresh
9 verbose stack extraneous: ipaddr.js@1.5.2 /home/app/src/node_modules/ipaddr.js
9 verbose stack extraneous: merge-descriptors@1.0.1 /home/app/src/node_modules/merge-descriptors
9 verbose stack extraneous: methods@1.1.2 /home/app/src/node_modules/methods
9 verbose stack extraneous: mime@1.4.1 /home/app/src/node_modules/mime
9 verbose stack extraneous: negotiator@0.6.1 /home/app/src/node_modules/negotiator
9 verbose stack extraneous: parseurl@1.3.2 /home/app/src/node_modules/parseurl
9 verbose stack extraneous: path-to-regexp@0.1.7 /home/app/src/node_modules/path-to-regexp
9 verbose stack extraneous: proxy-addr@2.0.2 /home/app/src/node_modules/proxy-addr
9 verbose stack extraneous: range-parser@1.2.0 /home/app/src/node_modules/range-parser
9 verbose stack extraneous: safe-buffer@5.1.1 /home/app/src/node_modules/safe-buffer
9 verbose stack extraneous: send@0.16.1 /home/app/src/node_modules/send
9 verbose stack extraneous: serve-static@1.13.1 /home/app/src/node_modules/serve-static
9 verbose stack extraneous: setprototypeof@1.1.0 /home/app/src/node_modules/setprototypeof
9 verbose stack extraneous: utils-merge@1.0.1 /home/app/src/node_modules/utils-merge
9 verbose stack extraneous: vary@1.1.2 /home/app/src/node_modules/vary
9 verbose stack     at shrinkwrap_ (/usr/local/lib/node_modules/npm/lib/shrinkwrap.js:128:15)
9 verbose stack     at Array.<anonymous> (/usr/local/lib/node_modules/npm/node_modules/slide/lib/bind-actor.js:15:8)
9 verbose stack     at LOOP (/usr/local/lib/node_modules/npm/node_modules/slide/lib/chain.js:15:14)
9 verbose stack     at /usr/local/lib/node_modules/npm/node_modules/slide/lib/chain.js:18:7
9 verbose stack     at done (/usr/local/lib/node_modules/npm/lib/utils/lifecycle.js:132:5)
9 verbose stack     at LOOP (/usr/local/lib/node_modules/npm/node_modules/slide/lib/chain.js:7:26)
9 verbose stack     at /usr/local/lib/node_modules/npm/node_modules/slide/lib/chain.js:18:7
9 verbose stack     at /usr/local/lib/node_modules/npm/lib/utils/lifecycle.js:318:20
9 verbose stack     at /usr/local/lib/node_modules/npm/node_modules/graceful-fs/polyfills.js:276:29
9 verbose stack     at FSReqWrap.oncomplete (fs.js:166:21)
10 verbose cwd /home/app/src
11 error Linux 4.9.60-linuxkit-aufs
12 error argv "/usr/local/bin/node" "/usr/local/bin/npm" "shrinkwrap" "."
13 error node v9.4.0
14 error npm  v4.0.3
15 error Problems were encountered
15 error Please correct and try again.
15 error missing: cookie-parser@~1.4.3, required by mm-thx-counter@0.0.0
15 error invalid: have express@4.16.1 (expected: ~4.15.5) /home/app/src/node_modules/express
15 error missing: jade@~1.11.0, required by mm-thx-counter@0.0.0
15 error missing: morgan@~1.9.0, required by mm-thx-counter@0.0.0
15 error missing: serve-favicon@^2.4.5, required by mm-thx-counter@0.0.0
15 error extraneous: accepts@1.3.4 /home/app/src/node_modules/accepts
15 error extraneous: array-flatten@1.1.1 /home/app/src/node_modules/array-flatten
15 error extraneous: content-disposition@0.5.2 /home/app/src/node_modules/content-disposition
15 error extraneous: cookie@0.3.1 /home/app/src/node_modules/cookie
15 error extraneous: cookie-signature@1.0.6 /home/app/src/node_modules/cookie-signature
15 error extraneous: destroy@1.0.4 /home/app/src/node_modules/destroy
15 error extraneous: encodeurl@1.0.2 /home/app/src/node_modules/encodeurl
15 error extraneous: escape-html@1.0.3 /home/app/src/node_modules/escape-html
15 error extraneous: etag@1.8.1 /home/app/src/node_modules/etag
15 error extraneous: express@4.16.1 /home/app/src/node_modules/express
15 error extraneous: finalhandler@1.1.0 /home/app/src/node_modules/finalhandler
15 error extraneous: forwarded@0.1.2 /home/app/src/node_modules/forwarded
15 error extraneous: fresh@0.5.2 /home/app/src/node_modules/fresh
15 error extraneous: ipaddr.js@1.5.2 /home/app/src/node_modules/ipaddr.js
15 error extraneous: merge-descriptors@1.0.1 /home/app/src/node_modules/merge-descriptors
15 error extraneous: methods@1.1.2 /home/app/src/node_modules/methods
15 error extraneous: mime@1.4.1 /home/app/src/node_modules/mime
15 error extraneous: negotiator@0.6.1 /home/app/src/node_modules/negotiator
15 error extraneous: parseurl@1.3.2 /home/app/src/node_modules/parseurl
15 error extraneous: path-to-regexp@0.1.7 /home/app/src/node_modules/path-to-regexp
15 error extraneous: proxy-addr@2.0.2 /home/app/src/node_modules/proxy-addr
15 error extraneous: range-parser@1.2.0 /home/app/src/node_modules/range-parser
15 error extraneous: safe-buffer@5.1.1 /home/app/src/node_modules/safe-buffer
15 error extraneous: send@0.16.1 /home/app/src/node_modules/send
15 error extraneous: serve-static@1.13.1 /home/app/src/node_modules/serve-static
15 error extraneous: setprototypeof@1.1.0 /home/app/src/node_modules/setprototypeof
15 error extraneous: utils-merge@1.0.1 /home/app/src/node_modules/utils-merge
15 error extraneous: vary@1.1.2 /home/app/src/node_modules/vary
16 error If you need help, you may report this error at:
16 error     <https://github.com/npm/npm/issues>
17 verbose exit [ 1, true ]
